Multiplayer_VR/Library/Bee/Android/Prj/IL2CPP/Gradle/launcher/build/intermediates/manifest_merge_blame_file/release/manifest-merger-blame-release-report.txt
1<?xml version="1.0" encoding="utf-8"?>
2<manifest xmlns:android="http://schemas.android.com/apk/res/android"
3    package="com.unity.template.vr"
4    android:installLocation="auto"
5    android:versionCode="1"
6    android:versionName="0.1" >
7
8    <uses-sdk
9        android:minSdkVersion="32"
9-->src\main\AndroidManifest.xml
10        android:targetSdkVersion="32" />
10-->src\main\AndroidManifest.xml
11
12    <supports-screens
12-->src\main\AndroidManifest.xml:4:3-163
13        android:anyDensity="true"
13-->src\main\AndroidManifest.xml:4:135-160
14        android:largeScreens="true"
14-->src\main\AndroidManifest.xml:4:78-105
15        android:normalScreens="true"
15-->src\main\AndroidManifest.xml:4:49-77
16        android:smallScreens="true"
16-->src\main\AndroidManifest.xml:4:21-48
17        android:xlargeScreens="true" />
17-->src\main\AndroidManifest.xml:4:106-134
18
19    <uses-permission android:name="android.permission.ACCESS_NETWORK_STATE" />
19-->[:unityLibrary] AndroidManifest.xml:10:5-79
19-->[:unityLibrary] AndroidManifest.xml:10:22-76
20    <uses-permission android:name="android.permission.RECORD_AUDIO" />
20-->[:unityLibrary] AndroidManifest.xml:11:5-71
20-->[:unityLibrary] AndroidManifest.xml:11:22-68
21    <uses-permission android:name="android.permission.MODIFY_AUDIO_SETTINGS" />
21-->[:unityLibrary] AndroidManifest.xml:12:5-80
21-->[:unityLibrary] AndroidManifest.xml:12:22-77
22
23    <uses-feature
23-->[:unityLibrary] AndroidManifest.xml:14:5-16:35
24        android:name="android.hardware.vulkan.version"
24-->[:unityLibrary] AndroidManifest.xml:15:9-55
25        android:required="true" />
25-->[:unityLibrary] AndroidManifest.xml:16:9-32
26    <uses-feature
26-->[:unityLibrary] AndroidManifest.xml:17:5-19:36
27        android:name="android.hardware.microphone"
27-->[:unityLibrary] AndroidManifest.xml:18:9-51
28        android:required="false" />
28-->[:unityLibrary] AndroidManifest.xml:19:9-33
29    <uses-feature
29-->[:unityLibrary] AndroidManifest.xml:20:5-22:36
30        android:name="android.hardware.touchscreen"
30-->[:unityLibrary] AndroidManifest.xml:21:9-52
31        android:required="false" />
31-->[:unityLibrary] AndroidManifest.xml:22:9-33
32    <uses-feature
32-->[:unityLibrary] AndroidManifest.xml:23:5-25:36
33        android:name="android.hardware.touchscreen.multitouch"
33-->[:unityLibrary] AndroidManifest.xml:24:9-63
34        android:required="false" />
34-->[:unityLibrary] AndroidManifest.xml:25:9-33
35    <uses-feature
35-->[:unityLibrary] AndroidManifest.xml:26:5-28:36
36        android:name="android.hardware.touchscreen.multitouch.distinct"
36-->[:unityLibrary] AndroidManifest.xml:27:9-72
37        android:required="false" />
37-->[:unityLibrary] AndroidManifest.xml:28:9-33
38    <uses-feature
38-->[:unityLibrary:xrmanifest.androidlib] AndroidManifest.xml:9:5-12:31
39        android:name="android.hardware.vr.headtracking"
39-->[:unityLibrary:xrmanifest.androidlib] AndroidManifest.xml:10:9-56
40        android:required="true"
40-->[:unityLibrary:xrmanifest.androidlib] AndroidManifest.xml:11:9-32
41        android:version="1" />
41-->[:unityLibrary:xrmanifest.androidlib] AndroidManifest.xml:12:9-28
42
43    <application
43-->src\main\AndroidManifest.xml:3:3-83
44        android:extractNativeLibs="true"
44-->[:unityLibrary] AndroidManifest.xml:30:18-50
45        android:icon="@mipmap/app_icon"
45-->src\main\AndroidManifest.xml:3:49-80
46        android:label="@string/app_name" >
46-->src\main\AndroidManifest.xml:3:16-48
47        <meta-data
47-->[:unityLibrary] AndroidManifest.xml:31:9-33:33
48            android:name="unity.splash-mode"
48-->[:unityLibrary] AndroidManifest.xml:32:13-45
49            android:value="0" />
49-->[:unityLibrary] AndroidManifest.xml:33:13-30
50        <meta-data
50-->[:unityLibrary] AndroidManifest.xml:34:9-36:36
51            android:name="unity.splash-enable"
51-->[:unityLibrary] AndroidManifest.xml:35:13-47
52            android:value="True" />
52-->[:unityLibrary] AndroidManifest.xml:36:13-33
53        <meta-data
53-->[:unityLibrary] AndroidManifest.xml:37:9-39:36
54            android:name="unity.launch-fullscreen"
54-->[:unityLibrary] AndroidManifest.xml:38:13-51
55            android:value="True" />
55-->[:unityLibrary] AndroidManifest.xml:39:13-33
56        <meta-data
56-->[:unityLibrary] AndroidManifest.xml:40:9-42:37
57            android:name="unity.allow-resizable-window"
57-->[:unityLibrary] AndroidManifest.xml:41:13-56
58            android:value="False" />
58-->[:unityLibrary] AndroidManifest.xml:42:13-34
59        <meta-data
59-->[:unityLibrary] AndroidManifest.xml:43:9-45:50
60            android:name="notch.config"
60-->[:unityLibrary] AndroidManifest.xml:44:13-40
61            android:value="portrait|landscape" />
61-->[:unityLibrary] AndroidManifest.xml:45:13-47
62        <meta-data
62-->[:unityLibrary] AndroidManifest.xml:46:9-48:36
63            android:name="unity.auto-report-fully-drawn"
63-->[:unityLibrary] AndroidManifest.xml:47:13-57
64            android:value="true" />
64-->[:unityLibrary] AndroidManifest.xml:48:13-33
65
66        <activity
66-->[:unityLibrary] AndroidManifest.xml:50:9-73:20
67            android:name="com.unity3d.player.UnityPlayerActivity"
67-->[:unityLibrary] AndroidManifest.xml:51:13-66
68            android:configChanges="mcc|mnc|locale|touchscreen|keyboard|keyboardHidden|navigation|orientation|screenLayout|uiMode|screenSize|smallestScreenSize|fontScale|layoutDirection|density"
68-->[:unityLibrary] AndroidManifest.xml:52:13-194
69            android:exported="true"
69-->[:unityLibrary] AndroidManifest.xml:53:13-36
70            android:hardwareAccelerated="false"
70-->[:unityLibrary] AndroidManifest.xml:54:13-48
71            android:launchMode="singleTask"
71-->[:unityLibrary] AndroidManifest.xml:55:13-44
72            android:resizeableActivity="false"
72-->[:unityLibrary] AndroidManifest.xml:56:13-47
73            android:screenOrientation="fullUser"
73-->[:unityLibrary] AndroidManifest.xml:57:13-49
74            android:theme="@style/UnityThemeSelector" >
74-->[:unityLibrary] AndroidManifest.xml:58:13-54
75            <intent-filter>
75-->[:unityLibrary] AndroidManifest.xml:59:13-65:29
76                <category android:name="android.intent.category.LAUNCHER" />
76-->[:unityLibrary] AndroidManifest.xml:60:17-77
76-->[:unityLibrary] AndroidManifest.xml:60:27-74
77
78                <action android:name="android.intent.action.MAIN" />
78-->[:unityLibrary] AndroidManifest.xml:62:17-69
78-->[:unityLibrary] AndroidManifest.xml:62:25-66
79
80                <category android:name="com.oculus.intent.category.VR" />
80-->[:unityLibrary] AndroidManifest.xml:64:17-74
80-->[:unityLibrary] AndroidManifest.xml:64:27-71
81            </intent-filter>
82
83            <meta-data
83-->[:unityLibrary] AndroidManifest.xml:67:13-69:40
84                android:name="unityplayer.UnityActivity"
84-->[:unityLibrary] AndroidManifest.xml:68:17-57
85                android:value="true" />
85-->[:unityLibrary] AndroidManifest.xml:69:17-37
86            <meta-data
86-->[:unityLibrary] AndroidManifest.xml:70:13-72:40
87                android:name="notch_support"
87-->[:unityLibrary] AndroidManifest.xml:71:17-45
88                android:value="true" />
88-->[:unityLibrary] AndroidManifest.xml:72:17-37
89            <meta-data
89-->[:unityLibrary:xrmanifest.androidlib] AndroidManifest.xml:16:13-18:40
90                android:name="com.oculus.vr.focusaware"
90-->[:unityLibrary:xrmanifest.androidlib] AndroidManifest.xml:17:17-56
91                android:value="true" />
91-->[:unityLibrary:xrmanifest.androidlib] AndroidManifest.xml:18:17-37
92        </activity>
93
94        <meta-data
94-->[:unityLibrary:xrmanifest.androidlib] AndroidManifest.xml:21:9-23:52
95            android:name="com.oculus.supportedDevices"
95-->[:unityLibrary:xrmanifest.androidlib] AndroidManifest.xml:22:13-55
96            android:value="quest|quest2|cambria" />
96-->[:unityLibrary:xrmanifest.androidlib] AndroidManifest.xml:23:13-49
97    </application>
98
99</manifest>